<?xml version="1.0" encoding="UTF-8"?>
<testsuite xmlns:xsi="http://www.w3.org/2001/XMLSchema-instance" xsi:noNamespaceSchemaLocation="https://maven.apache.org/surefire/maven-surefire-plugin/xsd/surefire-test-report.xsd" name="com.techreturners.exercise005.Exercise005Test" time="0.001" tests="9" errors="9" skipped="0" failures="0">
  <properties>
[...]
</properties>
  <testcase name="checkSentenceWithMissingLetterHIsNotAPangram" classname="com.techreturners.exercise005.Exercise005Test" time="0">
    <error message="Cannot invoke &quot;com.techreturners.exercise005.Exercise005.isPangram(String)&quot; because &quot;this.ex005&quot; is null" type="java.lang.NullPointerException">java.lang.NullPointerException: Cannot invoke "com.techreturners.exercise005.Exercise005.isPangram(String)" because "this.ex005" is null
	at com.techreturners.exercise005.Exercise005Test.checkSentenceWithMissingLetterHIsNotAPangram(Exercise005Test.java:56)
</error>
  </testcase>
  <testcase name="checkSentenceWithMissingLetterXIsNotAPangram" classname="com.techreturners.exercise005.Exercise005Test" time="0">
    <error message="Cannot invoke &quot;com.techreturners.exercise005.Exercise005.isPangram(String)&quot; because &quot;this.ex005&quot; is null" type="java.lang.NullPointerException">java.lang.NullPointerException: Cannot invoke "com.techreturners.exercise005.Exercise005.isPangram(String)" because "this.ex005" is null
	at com.techreturners.exercise005.Exercise005Test.checkSentenceWithMissingLetterXIsNotAPangram(Exercise005Test.java:50)
</error>
  </testcase>
  <testcase name="checkPerfectUpperCaseSentenceIsAPangram" classname="com.techreturners.exercise005.Exercise005Test" time="0">
    <error message="Cannot invoke &quot;com.techreturners.exercise005.Exercise005.isPangram(String)&quot; because &quot;this.ex005&quot; is null" type="java.lang.NullPointerException">java.lang.NullPointerException: Cannot invoke "com.techreturners.exercise005.Exercise005.isPangram(String)" because "this.ex005" is null
	at com.techreturners.exercise005.Exercise005Test.checkPerfectUpperCaseSentenceIsAPangram(Exercise005Test.java:32)
</error>
  </testcase>
  <testcase name="checkSentenceWithLowerCaseIsAPangram" classname="com.techreturners.exercise005.Exercise005Test" time="0">
    <error message="Cannot invoke &quot;com.techreturners.exercise005.Exercise005.isPangram(String)&quot; because &quot;this.ex005&quot; is null" type="java.lang.NullPointerException">java.lang.NullPointerException: Cannot invoke "com.techreturners.exercise005.Exercise005.isPangram(String)" because "this.ex005" is null
	at com.techreturners.exercise005.Exercise005Test.checkSentenceWithLowerCaseIsAPangram(Exercise005Test.java:38)
</error>
  </testcase>
  <testcase name="checkSentenceWithNumbersIsAPangram" classname="com.techreturners.exercise005.Exercise005Test" time="0">
    <error message="Cannot invoke &quot;com.techreturners.exercise005.Exercise005.isPangram(String)&quot; because &quot;this.ex005&quot; is null" type="java.lang.NullPointerException">java.lang.NullPointerException: Cannot invoke "com.techreturners.exercise005.Exercise005.isPangram(String)" because "this.ex005" is null
	at com.techreturners.exercise005.Exercise005Test.checkSentenceWithNumbersIsAPangram(Exercise005Test.java:68)
</error>
  </testcase>
  <testcase name="checkSentenceWithMixedUpperAndLowerCaseIsAPangram" classname="com.techreturners.exercise005.Exercise005Test" time="0">
    <error message="Cannot invoke &quot;com.techreturners.exercise005.Exercise005.isPangram(String)&quot; because &quot;this.ex005&quot; is null" type="java.lang.NullPointerException">java.lang.NullPointerException: Cannot invoke "com.techreturners.exercise005.Exercise005.isPangram(String)" because "this.ex005" is null
	at com.techreturners.exercise005.Exercise005Test.checkSentenceWithMixedUpperAndLowerCaseIsAPangram(Exercise005Test.java:44)
</error>
  </testcase>
  <testcase name="checkEmptySentenceIsNotAPangram" classname="com.techreturners.exercise005.Exercise005Test" time="0">
    <error message="Cannot invoke &quot;com.techreturners.exercise005.Exercise005.isPangram(String)&quot; because &quot;this.ex005&quot; is null" type="java.lang.NullPointerException">java.lang.NullPointerException: Cannot invoke "com.techreturners.exercise005.Exercise005.isPangram(String)" because "this.ex005" is null
	at com.techreturners.exercise005.Exercise005Test.checkEmptySentenceIsNotAPangram(Exercise005Test.java:20)
</error>
  </testcase>
  <testcase name="checkPerfectLowerCaseSentenceIsAPangram" classname="com.techreturners.exercise005.Exercise005Test" time="0">
    <error message="Cannot invoke &quot;com.techreturners.exercise005.Exercise005.isPangram(String)&quot; because &quot;this.ex005&quot; is null" type="java.lang.NullPointerException">java.lang.NullPointerException: Cannot invoke "com.techreturners.exercise005.Exercise005.isPangram(String)" because "this.ex005" is null
	at com.techreturners.exercise005.Exercise005Test.checkPerfectLowerCaseSentenceIsAPangram(Exercise005Test.java:26)
</error>
  </testcase>
  <testcase name="checkSentenceWithUnderscoresIsAPangram" classname="com.techreturners.exercise005.Exercise005Test" time="0">
    <error message="Cannot invoke &quot;com.techreturners.exercise005.Exercise005.isPangram(String)&quot; because &quot;this.ex005&quot; is null" type="java.lang.NullPointerException">java.lang.NullPointerException: Cannot invoke "com.techreturners.exercise005.Exercise005.isPangram(String)" because "this.ex005" is null
	at com.techreturners.exercise005.Exercise005Test.checkSentenceWithUnderscoresIsAPangram(Exercise005Test.java:62)
</error>
  </testcase>
</testsuite>